<?xml version="1.0" encoding="UTF-8"?>
<!-- Generated by org.testng.reporters.JUnitReportReporter -->
<testsuite hostname="DESKTOP-O1KM3J9" failures="0" tests="1" name="Test.Communicationtst" time="10.861" errors="0" timestamp="2023-10-25T10:46:42 IST" skipped="0">
  <testcase classname="Test.Communicationtst" name="tstcommntn" time="10.861"/>
  <system-out/>
</testsuite> <!-- Test.Communicationtst -->
