<?xml version="1.0" encoding="UTF-8"?>
<!-- Generated by org.testng.reporters.JUnitReportReporter -->
<testsuite hostname="DESKTOP-O1KM3J9" failures="0" tests="1" name="Test.Loginmptst" time="18.463" errors="0" timestamp="2023-10-25T12:10:52 IST" skipped="0">
  <testcase classname="Test.Loginmptst" name="tstlgnmp" time="18.463"/>
  <system-out/>
</testsuite> <!-- Test.Loginmptst -->
