<?xml version="1.0" encoding="UTF-8"?>
<!-- Generated by org.testng.reporters.JUnitReportReporter -->
<testsuite hostname="DESKTOP-O1KM3J9" failures="0" tests="1" name="Test.ViewLeadsAgentTest" time="6.287" errors="0" timestamp="2023-11-24T09:26:54 IST" skipped="0">
  <testcase classname="Test.ViewLeadsAgentTest" name="agentView" time="6.287"/>
  <system-out/>
</testsuite> <!-- Test.ViewLeadsAgentTest -->
