<?xml version="1.0" encoding="UTF-8"?>
<!-- Generated by org.testng.reporters.JUnitReportReporter -->
<testsuite hostname="DESKTOP-O1KM3J9" failures="0" tests="1" name="Test.MPSearchtst" time="24.241" errors="0" timestamp="2023-11-23T16:13:36 IST" skipped="0">
  <testcase classname="Test.MPSearchtst" name="tstsrch" time="24.241"/>
  <system-out/>
</testsuite> <!-- Test.MPSearchtst -->
