<?xml version="1.0" encoding="UTF-8"?>
<!-- Generated by org.testng.reporters.JUnitReportReporter -->
<testsuite hostname="DESKTOP-O1KM3J9" failures="0" tests="1" name="Test.MPnotificationtst" time="43.745" errors="0" timestamp="2023-10-25T15:30:14 IST" skipped="0">
  <testcase classname="Test.MPnotificationtst" name="tstnotific" time="43.745"/>
  <system-out/>
</testsuite> <!-- Test.MPnotificationtst -->
