<?xml version="1.0" encoding="UTF-8"?>
<!-- Generated by org.testng.reporters.JUnitReportReporter -->
<testsuite hostname="DESKTOP-O1KM3J9" failures="0" tests="1" name="Test.Communicationsavedaddrpaytest" time="7.868" errors="0" timestamp="2023-10-25T11:32:46 IST" skipped="0">
  <testcase classname="Test.Communicationsavedaddrpaytest" name="tstcm" time="7.868"/>
  <system-out/>
</testsuite> <!-- Test.Communicationsavedaddrpaytest -->
