<?xml version="1.0" encoding="UTF-8"?>
<!-- Generated by org.testng.reporters.JUnitReportReporter -->
<testsuite hostname="DESKTOP-O1KM3J9" failures="0" tests="1" name="Test.Logintocrmtst" time="40.447" errors="0" timestamp="2023-10-25T15:46:16 IST" skipped="0">
  <testcase classname="Test.Logintocrmtst" name="tstlgntocrm" time="40.447"/>
  <system-out/>
</testsuite> <!-- Test.Logintocrmtst -->
