<?xml version="1.0" encoding="UTF-8"?>
<!-- Generated by org.testng.reporters.JUnitReportReporter -->
<testsuite hostname="DESKTOP-O1KM3J9" failures="0" tests="1" name="Test.Faqtst" time="12.452" errors="0" timestamp="2023-10-25T12:04:35 IST" skipped="0">
  <testcase classname="Test.Faqtst" name="tstfaq" time="12.452"/>
  <system-out/>
</testsuite> <!-- Test.Faqtst -->
