<?xml version="1.0" encoding="UTF-8"?>
<!-- Generated by org.testng.reporters.JUnitReportReporter -->
<testsuite hostname="DESKTOP-O1KM3J9" failures="0" tests="1" name="Test.MPpurchasedleadstst" time="13.129" errors="0" timestamp="2023-11-27T12:29:44 IST" skipped="0">
  <testcase classname="Test.MPpurchasedleadstst" name="tstpurchsed" time="13.129"/>
  <system-out/>
</testsuite> <!-- Test.MPpurchasedleadstst -->
