<?xml version="1.0" encoding="UTF-8"?>
<!-- Generated by org.testng.reporters.JUnitReportReporter -->
<testsuite hostname="DESKTOP-O1KM3J9" failures="0" tests="1" name="Test.Searchtst" time="4.840" errors="0" timestamp="2023-10-25T11:56:44 IST" skipped="0">
  <testcase classname="Test.Searchtst" name="tstsrch" time="4.840"/>
  <system-out/>
</testsuite> <!-- Test.Searchtst -->
