<?xml version="1.0" encoding="UTF-8"?>
<!-- Generated by org.testng.reporters.JUnitReportReporter -->
<testsuite hostname="DESKTOP-O1KM3J9" failures="0" tests="1" name="Test.Calllsttst" time="4.662" errors="0" timestamp="2023-10-25T11:44:28 IST" skipped="0">
  <testcase classname="Test.Calllsttst" name="tstcalllst" time="4.662"/>
  <system-out/>
</testsuite> <!-- Test.Calllsttst -->
